<?xml version="1.0" encoding="UTF-8"?>
<testsuite name="agh.ics.oop.OptionsParserTest" tests="1" skipped="0" failures="0" errors="0" timestamp="2022-11-22T20:54:36" hostname="DESKTOP-972R112" time="0.003">
  <properties/>
  <testcase name="parserTest()" classname="agh.ics.oop.OptionsParserTest" time="0.003"/>
  <system-out><![CDATA[]]></system-out>
  <system-err><![CDATA[]]></system-err>
</testsuite>
