<?xml version="1.0" encoding="UTF-8"?>
<testsuite name="agh.ics.oop.MapBoundaryTest" tests="1" skipped="0" failures="0" errors="0" timestamp="2022-12-07T13:24:55" hostname="DESKTOP-OJEITH6" time="0.0">
  <properties/>
  <testcase name="placeChangedPositionAndBoundariesTest()" classname="agh.ics.oop.MapBoundaryTest" time="0.0"/>
  <system-out><![CDATA[]]></system-out>
  <system-err><![CDATA[]]></system-err>
</testsuite>
