<?xml version="1.0" encoding="UTF-8"?>
<testsuite name="agh.ics.oop.OptionsParserTest" tests="1" skipped="0" failures="0" errors="0" timestamp="2022-11-13T18:50:48" hostname="DESKTOP-OJEITH6" time="0.01">
  <properties/>
  <testcase name="parserTest()" classname="agh.ics.oop.OptionsParserTest" time="0.01"/>
  <system-out><![CDATA[]]></system-out>
  <system-err><![CDATA[]]></system-err>
</testsuite>
