<?xml version="1.0" encoding="UTF-8"?>
<testsuite name="agh.ics.oop.SimulationEngineTest" tests="1" skipped="0" failures="0" errors="0" timestamp="2022-12-03T21:48:54" hostname="DESKTOP-OJEITH6" time="0.008">
  <properties/>
  <testcase name="testTheEngine()" classname="agh.ics.oop.SimulationEngineTest" time="0.008"/>
  <system-out><![CDATA[ y\x  1 2 3 4 5 6 7 8 9
 10: -------------------
  9: |*| | |*| | | | | |
  8: | | | | | |*| | | |
  7: | | |*| | | | | | |
  6: | | | | | | | | |*|
  5: | | | | |*| | | | |
  4: | | |^| | | | | |*|
  3: |*| | | | | | | | |
  2: | |^| | | | | | |*|
  1: |*| | | | | | | | |
  0: -------------------

 y\x  1 2 3 4 5 6 7 8 9
 10: -------------------
  9: |*| | |*| | | | | |
  8: | | | | | |*| | | |
  7: | | |*| | | | | | |
  6: | | | | | | | | |*|
  5: | | | | |*| | | | |
  4: | | |^| | | | | |*|
  3: |*|^| | | | | | | |
  2: | | | | | | | | |*|
  1: |*| | | | | | | | |
  0: -------------------

 y\x  1 2 3 4 5 6 7 8 9
 10: -------------------
  9: |*| | |*| | | | | |
  8: | | | | | |*| | | |
  7: | | |*| | | | | | |
  6: | | | | | | | | |*|
  5: | | | | |*| | | | |
  4: | | | | | | | | |*|
  3: |*|^|^| | | | | | |
  2: | | | | | | | | |*|
  1: |*| | | | | | | | |
  0: -------------------

 y\x  1 2 3 4 5 6 7 8 9
 10: -------------------
  9: |*| | |*| | | | | |
  8: | | | | | |*| | | |
  7: | | |*| | | | | | |
  6: | | | | | | | | |*|
  5: | | | | |*| | | | |
  4: | | | | | | | | |*|
  3: |*|>|^| | | | | | |
  2: | | | | | | | | |*|
  1: |*| | | | | | | | |
  0: -------------------

 y\x  1 2 3 4 5 6 7 8 9
 10: -------------------
  9: |*| | |*| | | | | |
  8: | | | | | |*| | | |
  7: | | |*| | | | | | |
  6: | | | | | | | | |*|
  5: | | | | |*| | | | |
  4: | | | | | | | | |*|
  3: |*|>|<| | | | | | |
  2: | | | | | | | | |*|
  1: |*| | | | | | | | |
  0: -------------------

 y\x  1 2 3 4 5 6 7 8 9
 10: -------------------
  9: |*| | |*| | | | | |
  8: | | | | | |*| | | |
  7: | | |*| | | | | | |
  6: | | | | | | | | |*|
  5: | | | | |*| | | | |
  4: | | | | | | | | |*|
  3: |*|>|<| | | | | | |
  2: | | | | | | | | |*|
  1: |*| | | | | | | | |
  0: -------------------

 y\x  1 2 3 4 5 6 7 8 9
 10: -------------------
  9: |*| | |*| | | | | |
  8: | | | | | |*| | | |
  7: | | |*| | | | | | |
  6: | | | | | | | | |*|
  5: | | | | |*| | | | |
  4: | | | | | | | | |*|
  3: |*|>|<| | | | | | |
  2: | | | | | | | | |*|
  1: |*| | | | | | | | |
  0: -------------------

 y\x  1 2 3 4 5 6 7 8 9
 10: -------------------
  9: |*| | |*| | | | | |
  8: | | | | | |*| | | |
  7: | | |*| | | | | | |
  6: | | | | | | | | |*|
  5: | | | | |*| | | | |
  4: | | | | | | | | |*|
  3: |*|v|<| | | | | | |
  2: | | | | | | | | |*|
  1: |*| | | | | | | | |
  0: -------------------

 y\x  1 2 3 4 5 6 7 8 9
 10: -------------------
  9: |*| | |*| | | | | |
  8: | | | | | |*| | | |
  7: | | |*| | | | | | |
  6: | | | | | | | | |*|
  5: | | | | |*| | | | |
  4: | | | | | | | | |*|
  3: |*|v|^| | | | | | |
  2: | | | | | | | | |*|
  1: |*| | | | | | | | |
  0: -------------------

 y\x  1 2 3 4 5 6 7 8 9
 10: -------------------
  9: |*| | |*| | | | | |
  8: | | | | | |*| | | |
  7: | | |*| | | | | | |
  6: | | | | | | | | |*|
  5: | | | | |*| | | | |
  4: | | | | | | | | |*|
  3: |*| |^| | | | | | |
  2: | |v| | | | | | |*|
  1: |*| | | | | | | | |
  0: -------------------

 y\x  1 2 3 4 5 6 7 8 9
 10: -------------------
  9: |*| | |*| | | | | |
  8: | | | | | |*| | | |
  7: | | |*| | | | | | |
  6: | | | | | | | | |*|
  5: | | | | |*| | | | |
  4: | | |^| | | | | |*|
  3: |*| | | | | | | | |
  2: | |v| | | | | | |*|
  1: |*| | | | | | | | |
  0: -------------------

 y\x  1 2 3 4 5 6 7 8 9
 10: -------------------
  9: |*| | |*| | | | | |
  8: | | | | | |*| | | |
  7: | | |*| | | | | | |
  6: | | | | | | | | |*|
  5: | | | | |*| | | | |
  4: | | |^| | | | | |*|
  3: |*| | | | | | | | |
  2: | | | | | | | | |*|
  1: |*|v| | | | | | | |
  0: -------------------

 y\x  1 2 3 4 5 6 7 8 9
 10: -------------------
  9: |*| | |*| | | | | |
  8: | | | | | |*| | | |
  7: | | |*| | | | | | |
  6: | | | | | | | | |*|
  5: | | |^| |*| | | | |
  4: | | | | | | | | |*|
  3: |*| | | | | | | | |
  2: | | | | | | | | |*|
  1: |*|v| | | | | | | |
  0: -------------------

 y\x  1 2 3 4 5 6 7 8 9
 10: -------------------
  9: |*| | |*| | | | | |
  8: | | | | | |*| | | |
  7: | | |*| | | | | | |
  6: | | | | | | | | |*|
  5: | | |^| |*| | | | |
  4: | | | | | | | | |*|
  3: |*| | | | | | | | |
  2: | | | | | | | | |*|
  1: |*| | | | | | | | |
  0: | |v| | | | | | | |
 -1: -------------------

 y\x  1 2 3 4 5 6 7 8 9
 10: -------------------
  9: |*| | |*| | | | | |
  8: | | | | | |*| | | |
  7: | | |*| | | | | | |
  6: | | |^| | | | | |*|
  5: | | | | |*| | | | |
  4: | | | | | | | | |*|
  3: |*| | | | | | | | |
  2: | | | | | | | | |*|
  1: |*| | | | | | | | |
  0: | |v| | | | | | | |
 -1: -------------------

 y\x  1 2 3 4 5 6 7 8 9
 10: -------------------
  9: |*| | |*| | | | | |
  8: | | | | | |*| | | |
  7: | | |*| | | | | | |
  6: | | |^| | | | | |*|
  5: | | | | |*| | | | |
  4: | | | | | | | | |*|
  3: |*| | | | | | | | |
  2: | | | | | | | | |*|
  1: |*| | | | | | | | |
  0: | | | | | | | | | |
 -1: | |v| | | | | | | |
 -2: -------------------

 y\x  1 2 3 4 5 6 7 8 9
 10: -------------------
  9: |*| | |*| | | | | |
  8: | | | | | |*| | | |
  7: | | |^| | | | | | |
  6: | | | | | | | | |*|
  5: | | | | |*| | | | |
  4: | | | | | | | | |*|
  3: |*| | | | | | | | |
  2: | | | | | | | | |*|
  1: |*| | | | | | | | |
  0: | | | | | | | | | |
 -1: | |v| | | | | | | |
 -2: -------------------

]]></system-out>
  <system-err><![CDATA[]]></system-err>
</testsuite>
