<?xml version="1.0" encoding="UTF-8"?>
<testsuite name="agh.ics.oop.OptionsParserTest" tests="1" skipped="0" failures="0" errors="0" timestamp="2022-10-19T18:52:59" hostname="DESKTOP-972R112" time="0.004">
  <properties/>
  <testcase name="parserTest()" classname="agh.ics.oop.OptionsParserTest" time="0.004"/>
  <system-out><![CDATA[]]></system-out>
  <system-err><![CDATA[]]></system-err>
</testsuite>
