<?xml version="1.0" encoding="UTF-8"?>
<testsuite name="agh.ics.oop.AnimalTest" tests="3" skipped="0" failures="0" errors="0" timestamp="2022-11-09T16:32:15" hostname="DESKTOP-972R112" time="0.074">
  <properties/>
  <testcase name="positionChangeTest()" classname="agh.ics.oop.AnimalTest" time="0.064"/>
  <testcase name="mapBoundsTest()" classname="agh.ics.oop.AnimalTest" time="0.001"/>
  <testcase name="orientationChangeTest()" classname="agh.ics.oop.AnimalTest" time="0.006"/>
  <system-out><![CDATA[]]></system-out>
  <system-err><![CDATA[]]></system-err>
</testsuite>
