<?xml version="1.0" encoding="UTF-8"?>
<testsuite name="agh.ics.oop.AnimalTest" tests="1" skipped="0" failures="0" errors="0" timestamp="2022-11-07T13:53:17" hostname="DESKTOP-OJEITH6" time="0.013">
  <properties/>
  <testcase name="mapBoundsTest()" classname="agh.ics.oop.AnimalTest" time="0.013"/>
  <system-out><![CDATA[]]></system-out>
  <system-err><![CDATA[]]></system-err>
</testsuite>
