<?xml version="1.0" encoding="UTF-8"?>
<testsuite name="agh.ics.oop.GrassFieldTest" tests="3" skipped="0" failures="0" errors="0" timestamp="2022-11-30T16:25:53" hostname="DESKTOP-972R112" time="0.025">
  <properties/>
  <testcase name="ObjectAtTest()" classname="agh.ics.oop.GrassFieldTest" time="0.012"/>
  <testcase name="placesAndIsOccupiedTest()" classname="agh.ics.oop.GrassFieldTest" time="0.003"/>
  <testcase name="canMoveToTest()" classname="agh.ics.oop.GrassFieldTest" time="0.005"/>
  <system-out><![CDATA[]]></system-out>
  <system-err><![CDATA[]]></system-err>
</testsuite>
