<?xml version="1.0" encoding="UTF-8"?>
<testsuite name="agh.ics.oop.RectangularMapTest" tests="3" skipped="0" failures="0" errors="0" timestamp="2022-11-24T00:20:04" hostname="DESKTOP-OJEITH6" time="0.001">
  <properties/>
  <testcase name="ObjectAtTest()" classname="agh.ics.oop.RectangularMapTest" time="0.0"/>
  <testcase name="placesAndIsOccupiedTest()" classname="agh.ics.oop.RectangularMapTest" time="0.0"/>
  <testcase name="canMoveToTest()" classname="agh.ics.oop.RectangularMapTest" time="0.0"/>
  <system-out><![CDATA[]]></system-out>
  <system-err><![CDATA[]]></system-err>
</testsuite>
