<?xml version="1.0" encoding="UTF-8"?>
<testsuite name="agh.ics.oop.AnimalTest" tests="3" skipped="0" failures="0" errors="0" timestamp="2022-12-07T13:13:00" hostname="DESKTOP-OJEITH6" time="0.015">
  <properties/>
  <testcase name="positionChangeTest()" classname="agh.ics.oop.AnimalTest" time="0.014"/>
  <testcase name="mapBoundsTest()" classname="agh.ics.oop.AnimalTest" time="0.0"/>
  <testcase name="orientationChangeTest()" classname="agh.ics.oop.AnimalTest" time="0.001"/>
  <system-out><![CDATA[]]></system-out>
  <system-err><![CDATA[]]></system-err>
</testsuite>
